2021-07-21 14:17:35,449:INFO:Initializing load_model()
2021-07-21 14:17:35,449:INFO:load_model(model_name=diamond-pipeline, platform=None, authentication=None, verbose=True)
2021-07-21 14:17:54,568:INFO:Initializing load_model()
2021-07-21 14:17:54,568:INFO:load_model(model_name=diamond-pipeline, platform=None, authentication=None, verbose=True)
2021-07-21 14:18:28,701:INFO:Initializing load_model()
2021-07-21 14:18:28,701:INFO:load_model(model_name=diamond-pipeline, platform=None, authentication=None, verbose=True)
2021-07-21 14:19:03,105:INFO:Initializing load_model()
2021-07-21 14:19:03,105:INFO:load_model(model_name=diamond-pipeline.pkl, platform=None, authentication=None, verbose=True)
2021-07-21 14:19:03,123:INFO:Initializing load_model()
2021-07-21 14:19:03,124:INFO:load_model(model_name=diamond-pipeline.pkl, platform=None, authentication=None, verbose=True)
2021-07-21 14:19:20,760:INFO:Initializing load_model()
2021-07-21 14:19:20,760:INFO:load_model(model_name=diamond-pipeline, platform=None, authentication=None, verbose=True)
2021-07-21 14:19:20,838:INFO:Initializing load_model()
2021-07-21 14:19:20,838:INFO:load_model(model_name=diamond-pipeline, platform=None, authentication=None, verbose=True)
2021-07-21 14:22:25,113:INFO:Initializing load_model()
2021-07-21 14:22:25,113:INFO:load_model(model_name=diamond-pipeline, platform=None, authentication=None, verbose=True)
2021-07-21 14:22:40,417:INFO:Initializing load_model()
2021-07-21 14:22:40,417:INFO:load_model(model_name=diamond-pipeline, platform=None, authentication=None, verbose=True)
2021-07-21 14:23:21,641:INFO:Initializing load_model()
2021-07-21 14:23:21,641:INFO:load_model(model_name=diamond-pipeline, platform=None, authentication=None, verbose=True)
2021-07-21 14:24:12,992:INFO:Initializing load_model()
2021-07-21 14:24:12,992:INFO:load_model(model_name=diamond-pipeline, platform=None, authentication=None, verbose=True)
2021-07-21 14:24:13,023:INFO:Initializing load_model()
2021-07-21 14:24:13,023:INFO:load_model(model_name=diamond-pipeline, platform=None, authentication=None, verbose=True)
2021-07-21 14:25:46,003:INFO:Initializing load_model()
2021-07-21 14:25:46,003:INFO:load_model(model_name=diamond-pipeline, platform=None, authentication=None, verbose=True)
2021-07-21 14:29:07,433:INFO:Initializing predict_model()
2021-07-21 14:29:07,434:INFO:predict_model(estimator=Pipeline(steps=[('dtypes',
                 DataTypes_Auto_infer(ml_usecase='regression', target='Price')),
                ('imputer',
                 Simple_Imputer(categorical_strategy='not_available',
                                fill_value_categorical=None,
                                fill_value_numerical=None,
                                numeric_strategy='mean',
                                target_variable=None)),
                ('new_levels1',
                 New_Catagorical_Levels_in_TestData(replacement_strategy='least '
                                                                         'frequent',
                                                    target='P...
                                                 colsample_bytree=1.0,
                                                 importance_type='split',
                                                 learning_rate=0.1,
                                                 max_depth=-1,
                                                 min_child_samples=20,
                                                 min_child_weight=0.001,
                                                 min_split_gain=0.0,
                                                 n_estimators=100, n_jobs=-1,
                                                 num_leaves=31, objective=None,
                                                 random_state=7418,
                                                 reg_alpha=0.0, reg_lambda=0.0,
                                                 regressor=LGBMRegressor(random_state=7418),
                                                 silent=True, subsample=1.0,
                                                 subsample_for_bin=200000,
                                                 subsample_freq=0)]]), probability_threshold=None, encoded_labels=True, raw_score=False, round=4, verbose=True, ml_usecase=MLUsecase.REGRESSION, display=None)
2021-07-21 14:29:07,434:INFO:Checking exceptions
2021-07-21 14:29:07,434:INFO:Preloading libraries
2021-07-21 14:35:15,782:INFO:Initializing load_model()
2021-07-21 14:35:15,782:INFO:load_model(model_name=diamond-pipeline, platform=None, authentication=None, verbose=True)
2021-07-21 14:40:50,904:INFO:Initializing load_model()
2021-07-21 14:40:50,904:INFO:load_model(model_name=diamond-pipeline, platform=None, authentication=None, verbose=True)
